0 info it worked if it ends with ok
1 verbose cli [ '/usr/bin/node', '/usr/bin/npm', 'publish' ]
2 info using npm@3.5.2
3 info using node@v8.10.0
4 verbose publish [ '.' ]
5 silly cache add args [ '.', null ]
6 verbose cache add spec .
7 silly cache add parsed spec Result {
7 silly cache add   raw: '.',
7 silly cache add   scope: null,
7 silly cache add   name: null,
7 silly cache add   rawSpec: '.',
7 silly cache add   spec: '/home/valentin/Documents/videomp3',
7 silly cache add   type: 'directory' }
8 verbose addLocalDirectory /home/valentin/.npm/ytmp3/1.0.0/package.tgz not in flight; packing
9 info lifecycle ytmp3@1.0.0~prepublish: ytmp3@1.0.0
10 silly lifecycle ytmp3@1.0.0~prepublish: no script for prepublish, continuing
11 verbose tar pack [ '/home/valentin/.npm/ytmp3/1.0.0/package.tgz',
11 verbose tar pack   '/home/valentin/Documents/videomp3' ]
12 verbose tarball /home/valentin/.npm/ytmp3/1.0.0/package.tgz
13 verbose folder /home/valentin/Documents/videomp3
14 verbose addLocalTarball adding from inside cache /home/valentin/.npm/ytmp3/1.0.0/package.tgz
15 silly cache afterAdd ytmp3@1.0.0
16 verbose afterAdd /home/valentin/.npm/ytmp3/1.0.0/package/package.json not in flight; writing
17 verbose afterAdd /home/valentin/.npm/ytmp3/1.0.0/package/package.json written
18 silly publish { name: 'ytmp3',
18 silly publish   preferGlobal: true,
18 silly publish   version: '1.0.0',
18 silly publish   main: './index.js',
18 silly publish   bin: { ytmp3: './index.js' },
18 silly publish   scripts:
18 silly publish    { start: 'nodemon --exec babel-node --presets env,stage-2 src/index.mjs',
18 silly publish      build: 'node --experimental-modules ./src/index.mjs' },
18 silly publish   license: 'MIT',
18 silly publish   dependencies:
18 silly publish    { chalk: '^2.4.1',
18 silly publish      commander: '^2.19.0',
18 silly publish      dotenv: '^6.1.0',
18 silly publish      fidget: '^0.4.9',
18 silly publish      'fluent-ffmpeg': '^2.1.2',
18 silly publish      'google-auth-library': '^2.0.1',
18 silly publish      googleapis: '^35.0.0',
18 silly publish      inquirer: '^3.3.0',
18 silly publish      'youtube-playlist': '^1.0.2',
18 silly publish      'ytdl-core': '^0.28.0' },
18 silly publish   devDependencies:
18 silly publish    { 'babel-cli': '^6.26.0',
18 silly publish      'babel-preset-env': '^1.7.0',
18 silly publish      'babel-preset-es2015': '^6.24.1',
18 silly publish      'babel-preset-stage-2': '^6.24.1',
18 silly publish      install: '^0.12.2',
18 silly publish      nodemon: '^1.18.7',
18 silly publish      rimraf: '^2.6.2' },
18 silly publish   readme: '# ytvideotomp3\n\nThis is a Node.js app that downloads a youtube video or a playlist and converts it to **mp3** files.\n\n## Setting up youtube data API\n\nThis app uses the youtube data v3 API to fetch links from playlists. In order to fetch playlists you have to generate a API key. Follow the instructions bellow to set up one.\n\n* Go to [google developers console](https://console.developers.google.com) and create a project if you haven\'t already.\n\n* Click on Enable API\'s and Services and then\nSearch for Youtube Data v3. Once located, click on enable.\n\n\n* Navigate back to [google developers console](https://console.developers.google.com) and click on **Credentials** located in the side menu.\nClick on create credentials and select API key.\n\n* Copy your API key in the .env file.\n\n## Commands and options\n\n',
18 silly publish   readmeFilename: 'README.md',
18 silly publish   gitHead: '76a11a510c66d732d1732c4ff276c84a9162013d',
18 silly publish   description: 'This is a Node.js app that downloads a youtube video or a playlist and converts it to **mp3** files.',
18 silly publish   _id: 'ytmp3@1.0.0',
18 silly publish   _shasum: '31e250fb525c31acb5662a2cc92f5a4d91c075bd',
18 silly publish   _from: '.' }
19 verbose getPublishConfig undefined
20 silly mapToRegistry name ytmp3
21 silly mapToRegistry using default registry
22 silly mapToRegistry registry https://registry.npmjs.org/
23 silly mapToRegistry uri https://registry.npmjs.org/ytmp3
24 verbose publish registryBase https://registry.npmjs.org/
25 silly publish uploading /home/valentin/.npm/ytmp3/1.0.0/package.tgz
26 verbose request uri https://registry.npmjs.org/ytmp3
27 verbose request sending authorization for write operation
28 info attempt registry request try #1 at 7:58:17 PM
29 verbose request using bearer token for auth
30 verbose request id 560fd2d579639f7d
31 http request PUT https://registry.npmjs.org/ytmp3
32 info retry will retry, error on last attempt: Error: socket hang up
33 info attempt registry request try #2 at 7:58:43 PM
34 verbose request using bearer token for auth
35 http request PUT https://registry.npmjs.org/ytmp3
36 http 403 https://registry.npmjs.org/ytmp3
37 verbose headers { date: 'Fri, 07 Dec 2018 18:59:03 GMT',
37 verbose headers   'content-type': 'application/json',
37 verbose headers   'transfer-encoding': 'chunked',
37 verbose headers   connection: 'keep-alive',
37 verbose headers   'set-cookie':
37 verbose headers    [ '__cfduid=d07a352d3a232942b40d55b307783f5bd1544209142; expires=Sat, 07-Dec-19 18:59:02 GMT; path=/; domain=.registry.npmjs.org; HttpOnly' ],
37 verbose headers   'cf-ray': '48593a23ce79977a-FRA',
37 verbose headers   'expect-ct': 'max-age=604800, report-uri="https://report-uri.cloudflare.com/cdn-cgi/beacon/expect-ct"',
37 verbose headers   vary: 'Accept-Encoding',
37 verbose headers   server: 'cloudflare',
37 verbose headers   'content-encoding': 'gzip' }
38 verbose request invalidating /home/valentin/.npm/registry.npmjs.org/ytmp3 on PUT
39 error publish Failed PUT 403
40 verbose stack Error: You do not have permission to publish "ytmp3". Are you logged in as the correct user? : ytmp3
40 verbose stack     at makeError (/usr/share/npm/node_modules/npm-registry-client/lib/request.js:264:12)
40 verbose stack     at CachingRegistryClient.<anonymous> (/usr/share/npm/node_modules/npm-registry-client/lib/request.js:252:14)
40 verbose stack     at /usr/share/npm/node_modules/npm-registry-client/lib/request.js:178:7
40 verbose stack     at Gunzip.onEnd (zlib.js:131:5)
40 verbose stack     at emitNone (events.js:111:20)
40 verbose stack     at Gunzip.emit (events.js:208:7)
40 verbose stack     at endReadableNT (_stream_readable.js:1064:12)
40 verbose stack     at _combinedTickCallback (internal/process/next_tick.js:138:11)
40 verbose stack     at process._tickCallback (internal/process/next_tick.js:180:9)
41 verbose statusCode 403
42 verbose pkgid ytmp3
43 verbose cwd /home/valentin/Documents/videomp3
44 error Linux 4.15.0-42-generic
45 error argv "/usr/bin/node" "/usr/bin/npm" "publish"
46 error node v8.10.0
47 error npm  v3.5.2
48 error code E403
49 error You do not have permission to publish "ytmp3". Are you logged in as the correct user? : ytmp3
50 error If you need help, you may report this error at:
50 error     <https://github.com/npm/npm/issues>
51 verbose exit [ 1, true ]
